Determining if the pthread_create exist failed with the following output:
Change Dir: /home/osboxes/Desktop/robotics_ws/build/CMakeFiles/CMakeTmp

Run Build Command:"/usr/bin/make" "cmTC_bfd67/fast"
/usr/bin/make -f CMakeFiles/cmTC_bfd67.dir/build.make CMakeFiles/cmTC_bfd67.dir/build
make[1]: Entering directory '/home/osboxes/Desktop/robotics_ws/build/CMakeFiles/CMakeTmp'
Building C object CMakeFiles/cmTC_bfd67.dir/CheckSymbolExists.c.o
/usr/bin/cc     -o CMakeFiles/cmTC_bfd67.dir/CheckSymbolExists.c.o   -c /home/osboxes/Desktop/robotics_ws/build/CMakeFiles/CMakeTmp/CheckSymbolExists.c
Linking C executable cmTC_bfd67
/usr/bin/cmake -E cmake_link_script CMakeFiles/cmTC_bfd67.dir/link.txt --verbose=1
/usr/bin/cc       CMakeFiles/cmTC_bfd67.dir/CheckSymbolExists.c.o  -o cmTC_bfd67 -rdynamic 
CMakeFiles/cmTC_bfd67.dir/CheckSymbolExists.c.o: In function `main':
CheckSymbolExists.c:(.text+0x16): undefined reference to `pthread_create'
collect2: error: ld returned 1 exit status
CMakeFiles/cmTC_bfd67.dir/build.make:97: recipe for target 'cmTC_bfd67' failed
make[1]: *** [cmTC_bfd67] Error 1
make[1]: Leaving directory '/home/osboxes/Desktop/robotics_ws/build/CMakeFiles/CMakeTmp'
Makefile:126: recipe for target 'cmTC_bfd67/fast' failed
make: *** [cmTC_bfd67/fast] Error 2

File /home/osboxes/Desktop/robotics_ws/build/CMakeFiles/CMakeTmp/CheckSymbolExists.c:
/* */
#include <pthread.h>

int main(int argc, char** argv)
{
  (void)argv;
#ifndef pthread_create
  return ((int*)(&pthread_create))[argc];
#else
  (void)argc;
  return 0;
#endif
}

Determining if the function pthread_create exists in the pthreads failed with the following output:
Change Dir: /home/osboxes/Desktop/robotics_ws/build/CMakeFiles/CMakeTmp

Run Build Command:"/usr/bin/make" "cmTC_23e8d/fast"
/usr/bin/make -f CMakeFiles/cmTC_23e8d.dir/build.make CMakeFiles/cmTC_23e8d.dir/build
make[1]: Entering directory '/home/osboxes/Desktop/robotics_ws/build/CMakeFiles/CMakeTmp'
Building C object CMakeFiles/cmTC_23e8d.dir/CheckFunctionExists.c.o
/usr/bin/cc    -DCHECK_FUNCTION_EXISTS=pthread_create   -o CMakeFiles/cmTC_23e8d.dir/CheckFunctionExists.c.o   -c /usr/share/cmake-3.5/Modules/CheckFunctionExists.c
Linking C executable cmTC_23e8d
/usr/bin/cmake -E cmake_link_script CMakeFiles/cmTC_23e8d.dir/link.txt --verbose=1
/usr/bin/cc   -DCHECK_FUNCTION_EXISTS=pthread_create    CMakeFiles/cmTC_23e8d.dir/CheckFunctionExists.c.o  -o cmTC_23e8d -rdynamic -lpthreads 
/usr/bin/ld: cannot find -lpthreads
collect2: error: ld returned 1 exit status
CMakeFiles/cmTC_23e8d.dir/build.make:97: recipe for target 'cmTC_23e8d' failed
make[1]: *** [cmTC_23e8d] Error 1
make[1]: Leaving directory '/home/osboxes/Desktop/robotics_ws/build/CMakeFiles/CMakeTmp'
Makefile:126: recipe for target 'cmTC_23e8d/fast' failed
make: *** [cmTC_23e8d/fast] Error 2


